<?xml version="1.0" encoding="UTF-8"?>
<!-- Generated by org.testng.reporters.JUnitXMLReporter -->
<testsuite ignored="0" hostname="IN-90DK1N3" failures="0" tests="4" name="Default test" time="204.025" errors="0" timestamp="2023-01-09T15:47:51 IST">
  <testcase classname="TestCases.Travel" name="whenUserEntersValidFromAndValidTo" time="4.357"/>
  <testcase classname="TestCases.Travel" name="whenUserEntersValidFromAndInvalidTo" time="0.886"/>
  <testcase classname="TestCases.Travel" name="whenUserEntersInvalidFromAndValidTo" time="1.368"/>
  <testcase classname="TestCases.Travel" name="whenUserEntersInvalidFromAndInValidTo" time="1.222"/>
</testsuite> <!-- Default test -->
