<?xml version="1.0" encoding="UTF-8"?>
<!-- Generated by org.testng.reporters.JUnitXMLReporter -->
<testsuite ignored="0" hostname="IN-90DK1N3" failures="0" tests="4" name="Test" time="195.857" errors="0" timestamp="2023-01-09T15:54:14 IST">
  <testcase classname="TestCases.Travel" name="whenUserEntersValidFromAndValidTo" time="2.346"/>
  <testcase classname="TestCases.Travel" name="whenUserEntersValidFromAndInvalidTo" time="0.972"/>
  <testcase classname="TestCases.Travel" name="whenUserEntersInvalidFromAndValidTo" time="0.985"/>
  <testcase classname="TestCases.Travel" name="whenUserEntersInvalidFromAndInValidTo" time="0.886"/>
</testsuite> <!-- Test -->
