<?xml version="1.0" encoding="UTF-8"?>
<!-- Generated by org.testng.reporters.JUnitXMLReporter -->
<testsuite ignored="0" hostname="HP-Pavilion-15" failures="1" tests="1" name="Test" time="46.353" errors="0" timestamp="2026-02-21T13:22:04 IST">
  <testcase classname="TestCases.Appliences" name="AppliencesTest" time="29.387">
    <failure type="java.lang.IllegalArgumentException" message="Keys to send should be a not null CharSequence">
      <![CDATA[java.lang.IllegalArgumentException: Keys to send should be a not null CharSequence
at org.openqa.selenium.remote.RemoteWebElement.sendKeys(RemoteWebElement.java:96)
at org.openqa.selenium.support.pagefactory.internal.LocatingElementHandler.invoke(LocatingElementHandler.java:51)
at jdk.proxy2/jdk.proxy2.$Proxy11.sendKeys(Unknown Source)
at flipkart.Pages.AppliencesPage.ClickOnSearchBox(AppliencesPage.java:46)
at TestCases.Appliences.AppliencesTest(Appliences.java:55)
at java.base/java.util.ArrayList.forEach(ArrayList.java:1511)
... Removed 35 stack frames]]>
    </failure>
  </testcase> <!-- AppliencesTest -->
</testsuite> <!-- Test -->
