<?xml version="1.0" encoding="UTF-8"?>
<testsuite xmlns:xsi="http://www.w3.org/2001/XMLSchema-instance" xsi:noNamespaceSchemaLocation="https://maven.apache.org/surefire/maven-surefire-plugin/xsd/surefire-test-report-3.0.xsd" version="3.0" name="TestSuite" time="196.855" tests="4" errors="0" skipped="0" failures="0">
  <properties>
[...]
</properties>
  <testcase name="whenUserEntersValidFromAndValidTo" classname="TestCases.Travel" time="2.303">
    <system-out><![CDATA[---- Nonheadless---
 INFO [main] (HelperClass.java:105)- Chrome driver initiated in head mode
 INFO [main] (BaseClass.java:77)- https://www.flipkart.com/  page opened...
testData->{Expected Title=flight booking | book flight tickets at lowest airfare on flipkart.com, =, Working=yes, Description=, Execution Required=yes, From=Mumbai, BOM - Chatrapati Shivaji Airport, India, To=New York, NYC - All airports, United States, TestCaseName=whenUserEntersValidFromAndValidTo}
 INFO [main] (Travel.java:52)- Mumbai, BOM - Chatrapati Shivaji Airport, India was entered
 INFO [main] (Travel.java:57)- New York, NYC - All airports, United States was entered
 INFO [main] (Travel.java:67)- search button was clicked
 INFO [main] (Travel.java:71)- ActualTitle :flight booking | book flight tickets at lowest airfare on flipkart.com
Flight Booking | Book Flight Tickets at Lowest Airfare on Flipkart.com
]]></system-out>
    <system-err><![CDATA[SLF4J: Failed to load class "org.slf4j.impl.StaticLoggerBinder".
SLF4J: Defaulting to no-operation (NOP) logger implementation
SLF4J: See http://www.slf4j.org/codes.html#StaticLoggerBinder for further details.
Starting ChromeDriver 108.0.5359.71 (1e0e3868ee06e91ad636a874420e3ca3ae3756ac-refs/branch-heads/5359@{#1016}) on port 55691
Only local connections are allowed.
Please see https://chromedriver.chromium.org/security-considerations for suggestions on keeping ChromeDriver safe.
ChromeDriver was started successfully.
Jan 09, 2023 3:51:00 PM org.openqa.selenium.remote.ProtocolHandshake createSession
INFO: Detected upstream dialect: W3C
Jan 09, 2023 3:51:00 PM org.openqa.selenium.devtools.CdpVersionFinder findNearestMatch
WARNING: Unable to find an exact match for CDP version 108, so returning the closest version found: a no-op implementation
Jan 09, 2023 3:51:00 PM org.openqa.selenium.devtools.CdpVersionFinder findNearestMatch
INFO: Unable to find CDP implementation matching 108.
Jan 09, 2023 3:51:00 PM org.openqa.selenium.chromium.ChromiumDriver lambda$new$3
WARNING: Unable to find version of CDP to use for . You may need to include a dependency on a specific version of the CDP using something similar to `org.seleniumhq.selenium:selenium-devtools-v86:4.3.0` where the version ("v86") matches the version of the chromium-based browser you're using and the version number of the artifact is the same as Selenium's.
]]></system-err>
  </testcase>
  <testcase name="whenUserEntersValidFromAndInvalidTo" classname="TestCases.Travel" time="0.932">
    <system-out><![CDATA[ INFO [main] (BaseClass.java:109)- Browser closed...
---- Nonheadless---
 INFO [main] (HelperClass.java:105)- Chrome driver initiated in head mode
 INFO [main] (BaseClass.java:77)- https://www.flipkart.com/  page opened...
 INFO [main] (Travel.java:114)- New Delhi was entered
 INFO [main] (Travel.java:119)- 1542singapur was entered
 INFO [main] (Travel.java:124)- search button was clicked
 INFO [main] (Travel.java:128)- Actual Title :Flight Booking | Book Flight Tickets at Lowest Airfare on Flipkart.com
]]></system-out>
    <system-err><![CDATA[Starting ChromeDriver 108.0.5359.71 (1e0e3868ee06e91ad636a874420e3ca3ae3756ac-refs/branch-heads/5359@{#1016}) on port 50671
Only local connections are allowed.
Please see https://chromedriver.chromium.org/security-considerations for suggestions on keeping ChromeDriver safe.
ChromeDriver was started successfully.
Jan 09, 2023 3:51:49 PM org.openqa.selenium.remote.ProtocolHandshake createSession
INFO: Detected upstream dialect: W3C
Jan 09, 2023 3:51:49 PM org.openqa.selenium.devtools.CdpVersionFinder findNearestMatch
WARNING: Unable to find an exact match for CDP version 108, so returning the closest version found: a no-op implementation
Jan 09, 2023 3:51:49 PM org.openqa.selenium.devtools.CdpVersionFinder findNearestMatch
INFO: Unable to find CDP implementation matching 108.
Jan 09, 2023 3:51:49 PM org.openqa.selenium.chromium.ChromiumDriver lambda$new$3
WARNING: Unable to find version of CDP to use for . You may need to include a dependency on a specific version of the CDP using something similar to `org.seleniumhq.selenium:selenium-devtools-v86:4.3.0` where the version ("v86") matches the version of the chromium-based browser you're using and the version number of the artifact is the same as Selenium's.
]]></system-err>
  </testcase>
  <testcase name="whenUserEntersInvalidFromAndValidTo" classname="TestCases.Travel" time="0.939">
    <system-out><![CDATA[ INFO [main] (BaseClass.java:109)- Browser closed...
---- Nonheadless---
 INFO [main] (HelperClass.java:105)- Chrome driver initiated in head mode
 INFO [main] (BaseClass.java:77)- https://www.flipkart.com/  page opened...
 INFO [main] (Travel.java:168)- 1542Kolkata was entered
 INFO [main] (Travel.java:173)- New York was entered
 INFO [main] (Travel.java:178)- search button was clicked
 INFO [main] (Travel.java:182)- Actual Title :Flight Booking | Book Flight Tickets at Lowest Airfare on Flipkart.com
]]></system-out>
    <system-err><![CDATA[Starting ChromeDriver 108.0.5359.71 (1e0e3868ee06e91ad636a874420e3ca3ae3756ac-refs/branch-heads/5359@{#1016}) on port 53175
Only local connections are allowed.
Please see https://chromedriver.chromium.org/security-considerations for suggestions on keeping ChromeDriver safe.
ChromeDriver was started successfully.
Jan 09, 2023 3:52:38 PM org.openqa.selenium.remote.ProtocolHandshake createSession
INFO: Detected upstream dialect: W3C
Jan 09, 2023 3:52:38 PM org.openqa.selenium.devtools.CdpVersionFinder findNearestMatch
WARNING: Unable to find an exact match for CDP version 108, so returning the closest version found: a no-op implementation
Jan 09, 2023 3:52:38 PM org.openqa.selenium.devtools.CdpVersionFinder findNearestMatch
INFO: Unable to find CDP implementation matching 108.
Jan 09, 2023 3:52:38 PM org.openqa.selenium.chromium.ChromiumDriver lambda$new$3
WARNING: Unable to find version of CDP to use for . You may need to include a dependency on a specific version of the CDP using something similar to `org.seleniumhq.selenium:selenium-devtools-v86:4.3.0` where the version ("v86") matches the version of the chromium-based browser you're using and the version number of the artifact is the same as Selenium's.
]]></system-err>
  </testcase>
  <testcase name="whenUserEntersInvalidFromAndInValidTo" classname="TestCases.Travel" time="0.875">
    <system-out><![CDATA[ INFO [main] (BaseClass.java:109)- Browser closed...
---- Nonheadless---
 INFO [main] (HelperClass.java:105)- Chrome driver initiated in head mode
 INFO [main] (BaseClass.java:77)- https://www.flipkart.com/  page opened...
 INFO [main] (Travel.java:222)- 1534singapore was entered
 INFO [main] (Travel.java:227)- Kolkata was entered
 INFO [main] (Travel.java:232)- search button was clicked
 INFO [main] (Travel.java:236)- Actual Title :Flight Booking | Book Flight Tickets at Lowest Airfare on Flipkart.com
]]></system-out>
    <system-err><![CDATA[Starting ChromeDriver 108.0.5359.71 (1e0e3868ee06e91ad636a874420e3ca3ae3756ac-refs/branch-heads/5359@{#1016}) on port 61485
Only local connections are allowed.
Please see https://chromedriver.chromium.org/security-considerations for suggestions on keeping ChromeDriver safe.
ChromeDriver was started successfully.
Jan 09, 2023 3:53:27 PM org.openqa.selenium.remote.ProtocolHandshake createSession
INFO: Detected upstream dialect: W3C
Jan 09, 2023 3:53:27 PM org.openqa.selenium.devtools.CdpVersionFinder findNearestMatch
WARNING: Unable to find an exact match for CDP version 108, so returning the closest version found: a no-op implementation
Jan 09, 2023 3:53:27 PM org.openqa.selenium.devtools.CdpVersionFinder findNearestMatch
INFO: Unable to find CDP implementation matching 108.
Jan 09, 2023 3:53:27 PM org.openqa.selenium.chromium.ChromiumDriver lambda$new$3
WARNING: Unable to find version of CDP to use for . You may need to include a dependency on a specific version of the CDP using something similar to `org.seleniumhq.selenium:selenium-devtools-v86:4.3.0` where the version ("v86") matches the version of the chromium-based browser you're using and the version number of the artifact is the same as Selenium's.
]]></system-err>
  </testcase>
</testsuite>